File: ../SeqV2/200bp/140104_I686_FCC3R25ACXX_L3_WHAXPI000090-15_1.fq.gz
read file: ../SeqV2/200bp/140104_I686_FCC3R25ACXX_L3_WHAXPI000090-15_1.fq.gz
processed reads 10000000
processed reads 20000000
processed reads 30000000
processed reads 40000000
processed reads 50000000
processed reads 60000000
processed reads 70000000
processed reads 80000000
processed reads 90000000
processed reads 100000000
processed reads 110000000
processed reads 120000000
processed reads 130000000
processed reads 140000000
processed reads 150000000
processed reads 160000000
processed reads 170000000
processed reads 180000000
File: ../SeqV2/200bp/140104_I686_FCC3R25ACXX_L3_WHAXPI000090-15_2.fq.gz
read file: ../SeqV2/200bp/140104_I686_FCC3R25ACXX_L3_WHAXPI000090-15_2.fq.gz
processed reads 190000000
processed reads 200000000
processed reads 210000000
processed reads 220000000
processed reads 230000000
processed reads 240000000
processed reads 250000000
processed reads 260000000
processed reads 270000000
processed reads 280000000
processed reads 290000000
processed reads 300000000
processed reads 310000000
processed reads 320000000
processed reads 330000000
processed reads 340000000
processed reads 350000000
processed reads 360000000
processed reads 370000000
File: ../SeqV2/200bp/140104_I686_FCC3R25ACXX_L4_WHAXPI000090-15_1.fq.gz
read file: ../SeqV2/200bp/140104_I686_FCC3R25ACXX_L4_WHAXPI000090-15_1.fq.gz
processed reads 380000000
processed reads 390000000
processed reads 400000000
processed reads 410000000
processed reads 420000000
processed reads 430000000
processed reads 440000000
processed reads 450000000
processed reads 460000000
processed reads 470000000
processed reads 480000000
processed reads 490000000
processed reads 500000000
processed reads 510000000
processed reads 520000000
processed reads 530000000
processed reads 540000000
processed reads 550000000
processed reads 560000000
File: ../SeqV2/200bp/140104_I686_FCC3R25ACXX_L4_WHAXPI000090-15_2.fq.gz
read file: ../SeqV2/200bp/140104_I686_FCC3R25ACXX_L4_WHAXPI000090-15_2.fq.gz
processed reads 570000000
processed reads 580000000
processed reads 590000000
processed reads 600000000
processed reads 610000000
processed reads 620000000
processed reads 630000000
processed reads 640000000
processed reads 650000000
processed reads 660000000
processed reads 670000000
processed reads 680000000
processed reads 690000000
processed reads 700000000
processed reads 710000000
processed reads 720000000
processed reads 730000000
processed reads 740000000
processed reads 750000000
File: ../SeqV2/500bp/140104_I686_FCC3R25ACXX_L1_WHAIPI000089-13_1.fq.gz
read file: ../SeqV2/500bp/140104_I686_FCC3R25ACXX_L1_WHAIPI000089-13_1.fq.gz
processed reads 760000000
processed reads 770000000
processed reads 780000000
processed reads 790000000
processed reads 800000000
processed reads 810000000
processed reads 820000000
processed reads 830000000
processed reads 840000000
processed reads 850000000
processed reads 860000000
processed reads 870000000
processed reads 880000000
File: ../SeqV2/500bp/140104_I686_FCC3R25ACXX_L1_WHAIPI000089-13_2.fq.gz
read file: ../SeqV2/500bp/140104_I686_FCC3R25ACXX_L1_WHAIPI000089-13_2.fq.gz
processed reads 890000000
processed reads 900000000
processed reads 910000000
processed reads 920000000
processed reads 930000000
processed reads 940000000
processed reads 950000000
processed reads 960000000
processed reads 970000000
processed reads 980000000
processed reads 990000000
processed reads 1000000000
processed reads 1010000000
File: ../SeqV2/500bp/140104_I686_FCC3R25ACXX_L2_WHAIPI000089-13_1.fq.gz
read file: ../SeqV2/500bp/140104_I686_FCC3R25ACXX_L2_WHAIPI000089-13_1.fq.gz
processed reads 1020000000
processed reads 1030000000
processed reads 1040000000
processed reads 1050000000
processed reads 1060000000
processed reads 1070000000
processed reads 1080000000
processed reads 1090000000
processed reads 1100000000
processed reads 1110000000
processed reads 1120000000
processed reads 1130000000
processed reads 1140000000
processed reads 1150000000
File: ../SeqV2/500bp/140104_I686_FCC3R25ACXX_L2_WHAIPI000089-13_2.fq.gz
read file: ../SeqV2/500bp/140104_I686_FCC3R25ACXX_L2_WHAIPI000089-13_2.fq.gz
processed reads 1160000000
processed reads 1170000000
processed reads 1180000000
processed reads 1190000000
processed reads 1200000000
processed reads 1210000000
processed reads 1220000000
processed reads 1230000000
processed reads 1240000000
processed reads 1250000000
processed reads 1260000000
processed reads 1270000000
processed reads 1280000000
File: ../SeqV2/500bp/140220_I191_FCC3R2PACXX_L2_WHAIPI000089-13_1.fq.gz
read file: ../SeqV2/500bp/140220_I191_FCC3R2PACXX_L2_WHAIPI000089-13_1.fq.gz
processed reads 1290000000
processed reads 1300000000
processed reads 1310000000
File: ../SeqV2/500bp/140220_I191_FCC3R2PACXX_L2_WHAIPI000089-13_2.fq.gz
read file: ../SeqV2/500bp/140220_I191_FCC3R2PACXX_L2_WHAIPI000089-13_2.fq.gz
processed reads 1320000000
processed reads 1330000000
processed reads 1340000000
File: ../SeqV2/800bp/140104_I686_FCC3HWYACXX_L6_WHAMPI000088-14_1.fq.gz
read file: ../SeqV2/800bp/140104_I686_FCC3HWYACXX_L6_WHAMPI000088-14_1.fq.gz
processed reads 1350000000
processed reads 1360000000
processed reads 1370000000
processed reads 1380000000
processed reads 1390000000
processed reads 1400000000
processed reads 1410000000
processed reads 1420000000
processed reads 1430000000
processed reads 1440000000
processed reads 1450000000
File: ../SeqV2/800bp/140104_I686_FCC3HWYACXX_L6_WHAMPI000088-14_2.fq.gz
read file: ../SeqV2/800bp/140104_I686_FCC3HWYACXX_L6_WHAMPI000088-14_2.fq.gz
processed reads 1460000000
processed reads 1470000000
processed reads 1480000000
processed reads 1490000000
processed reads 1500000000
processed reads 1510000000
processed reads 1520000000
processed reads 1530000000
processed reads 1540000000
processed reads 1550000000
processed reads 1560000000
processed reads 1570000000
File: ../SeqV2/800bp/140104_I686_FCC3HWYACXX_L7_WHAMPI000088-14_1.fq.gz
read file: ../SeqV2/800bp/140104_I686_FCC3HWYACXX_L7_WHAMPI000088-14_1.fq.gz
processed reads 1580000000
processed reads 1590000000
processed reads 1600000000
processed reads 1610000000
processed reads 1620000000
processed reads 1630000000
processed reads 1640000000
processed reads 1650000000
processed reads 1660000000
processed reads 1670000000
processed reads 1680000000
File: ../SeqV2/800bp/140104_I686_FCC3HWYACXX_L7_WHAMPI000088-14_2.fq.gz
read file: ../SeqV2/800bp/140104_I686_FCC3HWYACXX_L7_WHAMPI000088-14_2.fq.gz
processed reads 1690000000
processed reads 1700000000
processed reads 1710000000
processed reads 1720000000
processed reads 1730000000
processed reads 1740000000
processed reads 1750000000
processed reads 1760000000
processed reads 1770000000
processed reads 1780000000
processed reads 1790000000
File: ../SeqV2/800bp/140104_I686_FCC3R25ACXX_L7_WHAMPI000088-14_1.fq.gz
read file: ../SeqV2/800bp/140104_I686_FCC3R25ACXX_L7_WHAMPI000088-14_1.fq.gz
processed reads 1800000000
processed reads 1810000000
File: ../SeqV2/800bp/140104_I686_FCC3R25ACXX_L7_WHAMPI000088-14_2.fq.gz
read file: ../SeqV2/800bp/140104_I686_FCC3R25ACXX_L7_WHAMPI000088-14_2.fq.gz
processed reads 1820000000
processed reads 1830000000
processed reads 1840000000
File: ../SeqV2/800bp/140104_I686_FCC3R25ACXX_L8_WHAMPI000088-14_1.fq.gz
read file: ../SeqV2/800bp/140104_I686_FCC3R25ACXX_L8_WHAMPI000088-14_1.fq.gz
processed reads 1850000000
processed reads 1860000000
File: ../SeqV2/800bp/140104_I686_FCC3R25ACXX_L8_WHAMPI000088-14_2.fq.gz
read file: ../SeqV2/800bp/140104_I686_FCC3R25ACXX_L8_WHAMPI000088-14_2.fq.gz
processed reads 1870000000
processed reads 1880000000
processed reads 1890000000
File: ../SeqV2/800bp/140220_I191_FCC3R2PACXX_L2_WHAMPI000088-14_1.fq.gz
read file: ../SeqV2/800bp/140220_I191_FCC3R2PACXX_L2_WHAMPI000088-14_1.fq.gz
processed reads 1900000000
File: ../SeqV2/800bp/140220_I191_FCC3R2PACXX_L2_WHAMPI000088-14_2.fq.gz
read file: ../SeqV2/800bp/140220_I191_FCC3R2PACXX_L2_WHAMPI000088-14_2.fq.gz
processed reads 1910000000
Load All files done!
Please check the peek position carefully
